2012/03/19 22:49:53 [error] [php] include(User.php) [<a href='function.include'>function.include</a>]: failed to open stream: No such file or directory (/Users/johnciacia/projects/yii/framework/YiiBase.php:418)
Stack trace:
#0 /Users/johnciacia/projects/yii/yiipress/protected/components/UserIdentity.php(8): spl_autoload_call()
#1 /Users/johnciacia/projects/yii/yiipress/protected/models/LoginForm.php(52): UserIdentity->authenticate()
#2 /Users/johnciacia/projects/yii/framework/validators/CInlineValidator.php(43): LoginForm->authenticate()
#3 /Users/johnciacia/projects/yii/framework/validators/CValidator.php(197): CInlineValidator->validateAttribute()
#4 /Users/johnciacia/projects/yii/framework/base/CModel.php(158): CInlineValidator->validate()
#5 /Users/johnciacia/projects/yii/yiipress/protected/controllers/SiteController.php(88): LoginForm->validate()
#6 /Users/johnciacia/projects/yii/framework/web/actions/CInlineAction.php(50): SiteController->actionLogin()
#7 /Users/johnciacia/projects/yii/framework/web/CController.php(309): CInlineAction->runWithParams()
#8 /Users/johnciacia/projects/yii/framework/web/CController.php(287): SiteController->runAction()
#9 /Users/johnciacia/projects/yii/framework/web/CController.php(266): SiteController->runActionWithFilters()
#10 /Users/johnciacia/projects/yii/framework/web/CWebApplication.php(276): SiteController->run()
#11 /Users/johnciacia/projects/yii/framework/web/CWebApplication.php(135): CWebApplication->runController()
#12 /Users/johnciacia/projects/yii/framework/base/CApplication.php(162): CWebApplication->processRequest()
#13 /Users/johnciacia/projects/yii/yiipress/index.php(13): CWebApplication->run()
REQUEST_URI=/yiipress/index.php?r=site/login
in /Users/johnciacia/projects/yii/yiipress/protected/components/UserIdentity.php (8)
in /Users/johnciacia/projects/yii/yiipress/protected/models/LoginForm.php (52)
in /Users/johnciacia/projects/yii/yiipress/protected/controllers/SiteController.php (88)
2012/03/19 22:52:58 [error] [exception.CException] exception 'CException' with message 'Property "Users.salt" is not defined.' in /Users/johnciacia/projects/yii/framework/base/CComponent.php:131
Stack trace:
#0 /Users/johnciacia/projects/yii/framework/db/ar/CActiveRecord.php(144): CComponent->__get('salt')
#1 /Users/johnciacia/projects/yii/yiipress/protected/models/Users.php(115): CActiveRecord->__get('salt')
#2 /Users/johnciacia/projects/yii/yiipress/protected/components/UserIdentity.php(11): Users->validatePassword('demo')
#3 /Users/johnciacia/projects/yii/yiipress/protected/models/LoginForm.php(52): UserIdentity->authenticate()
#4 /Users/johnciacia/projects/yii/framework/validators/CInlineValidator.php(43): LoginForm->authenticate('password', Array)
#5 /Users/johnciacia/projects/yii/framework/validators/CValidator.php(197): CInlineValidator->validateAttribute(Object(LoginForm), 'password')
#6 /Users/johnciacia/projects/yii/framework/base/CModel.php(158): CValidator->validate(Object(LoginForm), NULL)
#7 /Users/johnciacia/projects/yii/yiipress/protected/controllers/SiteController.php(88): CModel->validate()
#8 /Users/johnciacia/projects/yii/framework/web/actions/CInlineAction.php(50): SiteController->actionLogin()
#9 /Users/johnciacia/projects/yii/framework/web/CController.php(309): CInlineAction->runWithParams(Array)
#10 /Users/johnciacia/projects/yii/framework/web/CController.php(287): CController->runAction(Object(CInlineAction))
#11 /Users/johnciacia/projects/yii/framework/web/CController.php(266): CController->runActionWithFilters(Object(CInlineAction), Array)
#12 /Users/johnciacia/projects/yii/framework/web/CWebApplication.php(276): CController->run('login')
#13 /Users/johnciacia/projects/yii/framework/web/CWebApplication.php(135): CWebApplication->runController('site/login')
#14 /Users/johnciacia/projects/yii/framework/base/CApplication.php(162): CWebApplication->processRequest()
#15 /Users/johnciacia/projects/yii/yiipress/index.php(13): CApplication->run()
#16 {main}
REQUEST_URI=/yiipress/index.php?r=site/login
HTTP_REFERER=http://yii.staging.onnolia.dev/yiipress/index.php?r=site/login
---
2012/04/08 22:43:25 [error] [exception.CHttpException.404] exception 'CHttpException' with message 'Unable to resolve the request "tweets".' in /Users/johnciacia/projects/yii/framework/web/CWebApplication.php:280
Stack trace:
#0 /Users/johnciacia/projects/yii/framework/web/CWebApplication.php(135): CWebApplication->runController('tweets')
#1 /Users/johnciacia/projects/yii/framework/base/CApplication.php(162): CWebApplication->processRequest()
#2 /Users/johnciacia/projects/yii/yiipress/index.php(13): CApplication->run()
#3 {main}
REQUEST_URI=/yiipress/index.php?r=tweets
---
2012/04/09 16:41:03 [error] [exception.CHttpException.403] exception 'CHttpException' with message 'You are not authorized to perform this action.' in /Users/johnciacia/projects/yii/framework/web/auth/CAccessControlFilter.php:168
Stack trace:
#0 /Users/johnciacia/projects/yii/framework/web/auth/CAccessControlFilter.php(131): CAccessControlFilter->accessDenied(Object(CWebUser), 'You are not aut...')
#1 /Users/johnciacia/projects/yii/framework/web/filters/CFilter.php(39): CAccessControlFilter->preFilter(Object(CFilterChain))
#2 /Users/johnciacia/projects/yii/framework/web/CController.php(1146): CFilter->filter(Object(CFilterChain))
#3 /Users/johnciacia/projects/yii/framework/web/filters/CInlineFilter.php(59): CController->filterAccessControl(Object(CFilterChain))
#4 /Users/johnciacia/projects/yii/framework/web/filters/CFilterChain.php(131): CInlineFilter->filter(Object(CFilterChain))
#5 /Users/johnciacia/projects/yii/framework/web/CController.php(292): CFilterChain->run()
#6 /Users/johnciacia/projects/yii/framework/web/CController.php(266): CController->runActionWithFilters(Object(CInlineAction), Array)
#7 /Users/johnciacia/projects/yii/framework/web/CWebApplication.php(276): CController->run('admin')
#8 /Users/johnciacia/projects/yii/framework/web/CWebApplication.php(135): CWebApplication->runController('teacher/admin')
#9 /Users/johnciacia/projects/yii/framework/base/CApplication.php(162): CWebApplication->processRequest()
#10 /Users/johnciacia/projects/yii/yiipress/index.php(13): CApplication->run()
#11 {main}
REQUEST_URI=/yiipress/index.php?r=teacher/admin
HTTP_REFERER=http://yii.staging.onnolia.dev/yiipress/index.php?r=teacher
---
2012/04/09 17:07:49 [error] [exception.CHttpException.404] exception 'CHttpException' with message 'The system is unable to find the requested action "manage".' in /Users/johnciacia/projects/yii/framework/web/CController.php:484
Stack trace:
#0 /Users/johnciacia/projects/yii/framework/web/CController.php(271): CController->missingAction('manage')
#1 /Users/johnciacia/projects/yii/framework/web/CWebApplication.php(276): CController->run('manage')
#2 /Users/johnciacia/projects/yii/framework/web/CWebApplication.php(135): CWebApplication->runController('teacher/manage')
#3 /Users/johnciacia/projects/yii/framework/base/CApplication.php(162): CWebApplication->processRequest()
#4 /Users/johnciacia/projects/yii/yiipress/index.php(13): CApplication->run()
#5 {main}
REQUEST_URI=/yiipress/index.php?r=teacher/manage
---
2012/04/09 17:11:08 [error] [php] Undefined variable: dataProvider (/Users/johnciacia/projects/yii/yiipress/protected/views/teacher/admin.php:42)
Stack trace:
#0 /Users/johnciacia/projects/yii/framework/web/CController.php(870): TeacherController->renderFile()
#1 /Users/johnciacia/projects/yii/framework/web/CController.php(783): TeacherController->renderPartial()
#2 /Users/johnciacia/projects/yii/yiipress/protected/controllers/TeacherController.php(166): TeacherController->render()
#3 /Users/johnciacia/projects/yii/framework/web/actions/CInlineAction.php(50): TeacherController->actionAdmin()
#4 /Users/johnciacia/projects/yii/framework/web/CController.php(309): CInlineAction->runWithParams()
#5 /Users/johnciacia/projects/yii/framework/web/filters/CFilterChain.php(134): TeacherController->runAction()
#6 /Users/johnciacia/projects/yii/framework/web/filters/CFilter.php(41): CFilterChain->run()
#7 /Users/johnciacia/projects/yii/framework/web/CController.php(1146): CAccessControlFilter->filter()
#8 /Users/johnciacia/projects/yii/framework/web/filters/CInlineFilter.php(59): TeacherController->filterAccessControl()
#9 /Users/johnciacia/projects/yii/framework/web/filters/CFilterChain.php(131): CInlineFilter->filter()
#10 /Users/johnciacia/projects/yii/framework/web/CController.php(292): CFilterChain->run()
#11 /Users/johnciacia/projects/yii/framework/web/CController.php(266): TeacherController->runActionWithFilters()
#12 /Users/johnciacia/projects/yii/framework/web/CWebApplication.php(276): TeacherController->run()
#13 /Users/johnciacia/projects/yii/framework/web/CWebApplication.php(135): CWebApplication->runController()
#14 /Users/johnciacia/projects/yii/framework/base/CApplication.php(162): CWebApplication->processRequest()
#15 /Users/johnciacia/projects/yii/yiipress/index.php(13): CWebApplication->run()
REQUEST_URI=/yiipress/index.php?r=teacher/admin
in /Users/johnciacia/projects/yii/yiipress/protected/views/teacher/admin.php (42)
in /Users/johnciacia/projects/yii/yiipress/protected/controllers/TeacherController.php (166)
in /Users/johnciacia/projects/yii/yiipress/index.php (13)
2012/04/09 17:12:31 [warning] [application] Failed to set unsafe attribute "id" of "Teacher".
in /Users/johnciacia/projects/yii/yiipress/protected/controllers/TeacherController.php (152)
in /Users/johnciacia/projects/yii/yiipress/index.php (13)
2012/04/09 17:12:31 [warning] [application] Failed to set unsafe attribute "user_id" of "Teacher".
in /Users/johnciacia/projects/yii/yiipress/protected/controllers/TeacherController.php (152)
in /Users/johnciacia/projects/yii/yiipress/index.php (13)
2012/04/09 17:12:36 [warning] [application] Failed to set unsafe attribute "id" of "Teacher".
in /Users/johnciacia/projects/yii/yiipress/protected/controllers/TeacherController.php (152)
in /Users/johnciacia/projects/yii/yiipress/index.php (13)
2012/04/09 17:12:36 [warning] [application] Failed to set unsafe attribute "user_id" of "Teacher".
in /Users/johnciacia/projects/yii/yiipress/protected/controllers/TeacherController.php (152)
in /Users/johnciacia/projects/yii/yiipress/index.php (13)
2012/04/09 19:46:24 [error] [exception.CHttpException.404] exception 'CHttpException' with message 'Unable to resolve the request "rubric".' in /Users/johnciacia/projects/yii/framework/web/CWebApplication.php:280
Stack trace:
#0 /Users/johnciacia/projects/yii/framework/web/CWebApplication.php(135): CWebApplication->runController('rubric')
#1 /Users/johnciacia/projects/yii/framework/base/CApplication.php(162): CWebApplication->processRequest()
#2 /Users/johnciacia/projects/yii/yiipress/index.php(13): CApplication->run()
#3 {main}
REQUEST_URI=/yiipress/index.php?r=rubric
HTTP_REFERER=http://yii.staging.onnolia.dev/yiipress/index.php?r=teacher/admin
---
2012/04/09 19:46:33 [error] [exception.CHttpException.404] exception 'CHttpException' with message 'Unable to resolve the request "rubric".' in /Users/johnciacia/projects/yii/framework/web/CWebApplication.php:280
Stack trace:
#0 /Users/johnciacia/projects/yii/framework/web/CWebApplication.php(135): CWebApplication->runController('rubric')
#1 /Users/johnciacia/projects/yii/framework/base/CApplication.php(162): CWebApplication->processRequest()
#2 /Users/johnciacia/projects/yii/yiipress/index.php(13): CApplication->run()
#3 {main}
REQUEST_URI=/yiipress/index.php?r=rubric
HTTP_REFERER=http://yii.staging.onnolia.dev/yiipress/index.php?r=teacher/admin
---
2012/04/09 19:46:34 [error] [exception.CHttpException.404] exception 'CHttpException' with message 'Unable to resolve the request "rubrics".' in /Users/johnciacia/projects/yii/framework/web/CWebApplication.php:280
Stack trace:
#0 /Users/johnciacia/projects/yii/framework/web/CWebApplication.php(135): CWebApplication->runController('rubrics')
#1 /Users/johnciacia/projects/yii/framework/base/CApplication.php(162): CWebApplication->processRequest()
#2 /Users/johnciacia/projects/yii/yiipress/index.php(13): CApplication->run()
#3 {main}
REQUEST_URI=/yiipress/index.php?r=rubrics
HTTP_REFERER=http://yii.staging.onnolia.dev/yiipress/index.php?r=teacher
---
2012/04/09 19:46:39 [error] [exception.CHttpException.404] exception 'CHttpException' with message 'Unable to resolve the request "rubric".' in /Users/johnciacia/projects/yii/framework/web/CWebApplication.php:280
Stack trace:
#0 /Users/johnciacia/projects/yii/framework/web/CWebApplication.php(135): CWebApplication->runController('rubric')
#1 /Users/johnciacia/projects/yii/framework/base/CApplication.php(162): CWebApplication->processRequest()
#2 /Users/johnciacia/projects/yii/yiipress/index.php(13): CApplication->run()
#3 {main}
REQUEST_URI=/yiipress/index.php?r=rubric
HTTP_REFERER=http://yii.staging.onnolia.dev/yiipress/index.php?r=teacher/admin
---
2012/04/09 19:47:06 [warning] [application] Failed to set unsafe attribute "user_id" of "Teacher".
in /Users/johnciacia/projects/yii/yiipress/protected/controllers/TeacherController.php (71)
in /Users/johnciacia/projects/yii/yiipress/index.php (13)
2012/04/09 19:47:11 [error] [exception.CHttpException.404] exception 'CHttpException' with message 'Unable to resolve the request "rubrics".' in /Users/johnciacia/projects/yii/framework/web/CWebApplication.php:280
Stack trace:
#0 /Users/johnciacia/projects/yii/framework/web/CWebApplication.php(135): CWebApplication->runController('rubrics')
#1 /Users/johnciacia/projects/yii/framework/base/CApplication.php(162): CWebApplication->processRequest()
#2 /Users/johnciacia/projects/yii/yiipress/index.php(13): CApplication->run()
#3 {main}
REQUEST_URI=/yiipress/index.php?r=rubrics
HTTP_REFERER=http://yii.staging.onnolia.dev/yiipress/index.php?r=site/index
---
2012/04/09 20:43:41 [error] [exception.CException] exception 'CException' with message 'CDbCriteria and its behaviors do not have a method or closure named "condition".' in /Users/johnciacia/projects/yii/framework/base/CComponent.php:266
Stack trace:
#0 [internal function]: CComponent->__call('condition', Array)
#1 /Users/johnciacia/projects/yii/yiipress/protected/models/Rubric.php(83): CDbCriteria->condition('user_id', '2')
#2 /Users/johnciacia/projects/yii/yiipress/protected/views/rubric/admin.php(42): Rubric->search()
#3 /Users/johnciacia/projects/yii/framework/web/CBaseController.php(127): require('/Users/johnciac...')
#4 /Users/johnciacia/projects/yii/framework/web/CBaseController.php(96): CBaseController->renderInternal('/Users/johnciac...', Array, true)
#5 /Users/johnciacia/projects/yii/framework/web/CController.php(870): CBaseController->renderFile('/Users/johnciac...', Array, true)
#6 /Users/johnciacia/projects/yii/framework/web/CController.php(783): CController->renderPartial('admin', Array, true)
#7 /Users/johnciacia/projects/yii/yiipress/protected/controllers/RubricController.php(154): CController->render('admin', Array)
#8 /Users/johnciacia/projects/yii/framework/web/actions/CInlineAction.php(50): RubricController->actionAdmin()
#9 /Users/johnciacia/projects/yii/framework/web/CController.php(309): CInlineAction->runWithParams(Array)
#10 /Users/johnciacia/projects/yii/framework/web/filters/CFilterChain.php(134): CController->runAction(Object(CInlineAction))
#11 /Users/johnciacia/projects/yii/framework/web/filters/CFilter.php(41): CFilterChain->run()
#12 /Users/johnciacia/projects/yii/framework/web/CController.php(1146): CFilter->filter(Object(CFilterChain))
#13 /Users/johnciacia/projects/yii/framework/web/filters/CInlineFilter.php(59): CController->filterAccessControl(Object(CFilterChain))
#14 /Users/johnciacia/projects/yii/framework/web/filters/CFilterChain.php(131): CInlineFilter->filter(Object(CFilterChain))
#15 /Users/johnciacia/projects/yii/framework/web/CController.php(292): CFilterChain->run()
#16 /Users/johnciacia/projects/yii/framework/web/CController.php(266): CController->runActionWithFilters(Object(CInlineAction), Array)
#17 /Users/johnciacia/projects/yii/framework/web/CWebApplication.php(276): CController->run('admin')
#18 /Users/johnciacia/projects/yii/framework/web/CWebApplication.php(135): CWebApplication->runController('rubric/admin')
#19 /Users/johnciacia/projects/yii/framework/base/CApplication.php(162): CWebApplication->processRequest()
#20 /Users/johnciacia/projects/yii/yiipress/index.php(13): CApplication->run()
#21 {main}
REQUEST_URI=/yiipress/index.php?r=rubric/admin
HTTP_REFERER=http://yii.staging.onnolia.dev/yiipress/index.php?r=rubric
---
2012/04/09 20:50:30 [error] [exception.CException] exception 'CException' with message 'Property "CWebApplication.rubric" is not defined.' in /Users/johnciacia/projects/yii/framework/base/CComponent.php:131
Stack trace:
#0 /Users/johnciacia/projects/yii/framework/base/CModule.php(106): CComponent->__get('rubric')
#1 /Users/johnciacia/projects/yii/yiipress/protected/controllers/RubricController.php(132): CModule->__get('rubric')
#2 /Users/johnciacia/projects/yii/framework/web/actions/CInlineAction.php(50): RubricController->actionIndex()
#3 /Users/johnciacia/projects/yii/framework/web/CController.php(309): CInlineAction->runWithParams(Array)
#4 /Users/johnciacia/projects/yii/framework/web/filters/CFilterChain.php(134): CController->runAction(Object(CInlineAction))
#5 /Users/johnciacia/projects/yii/framework/web/filters/CFilter.php(41): CFilterChain->run()
#6 /Users/johnciacia/projects/yii/framework/web/CController.php(1146): CFilter->filter(Object(CFilterChain))
#7 /Users/johnciacia/projects/yii/framework/web/filters/CInlineFilter.php(59): CController->filterAccessControl(Object(CFilterChain))
#8 /Users/johnciacia/projects/yii/framework/web/filters/CFilterChain.php(131): CInlineFilter->filter(Object(CFilterChain))
#9 /Users/johnciacia/projects/yii/framework/web/CController.php(292): CFilterChain->run()
#10 /Users/johnciacia/projects/yii/framework/web/CController.php(266): CController->runActionWithFilters(Object(CInlineAction), Array)
#11 /Users/johnciacia/projects/yii/framework/web/CWebApplication.php(276): CController->run('index')
#12 /Users/johnciacia/projects/yii/framework/web/CWebApplication.php(135): CWebApplication->runController('rubric/index')
#13 /Users/johnciacia/projects/yii/framework/base/CApplication.php(162): CWebApplication->processRequest()
#14 /Users/johnciacia/projects/yii/yiipress/index.php(13): CApplication->run()
#15 {main}
REQUEST_URI=/yiipress/index.php?r=rubric/index
HTTP_REFERER=http://yii.staging.onnolia.dev/yiipress/index.php?r=rubric/admin
---
2012/04/09 23:20:51 [error] [exception.CException] exception 'CException' with message 'Property "Rubric.rubric_id" is not defined.' in /Users/johnciacia/projects/yii/framework/base/CComponent.php:131
Stack trace:
#0 /Users/johnciacia/projects/yii/framework/db/ar/CActiveRecord.php(144): CComponent->__get('rubric_id')
#1 /Users/johnciacia/projects/yii/framework/web/helpers/CHtml.php(1797): CActiveRecord->__get('rubric_id')
#2 /Users/johnciacia/projects/yii/framework/web/helpers/CHtml.php(1761): CHtml::value(Object(Rubric), 'rubric_id')
#3 /Users/johnciacia/projects/yii/yiipress/protected/views/rubricMeta/_form.php(15): CHtml::listData(Array, 'id', 'rubric_id')
#4 /Users/johnciacia/projects/yii/framework/web/CBaseController.php(127): require('/Users/johnciac...')
#5 /Users/johnciacia/projects/yii/framework/web/CBaseController.php(96): CBaseController->renderInternal('/Users/johnciac...', Array, true)
#6 /Users/johnciacia/projects/yii/framework/web/CController.php(870): CBaseController->renderFile('/Users/johnciac...', Array, true)
#7 /Users/johnciacia/projects/yii/yiipress/protected/views/rubricMeta/create.php(15): CController->renderPartial('_form', Array)
#8 /Users/johnciacia/projects/yii/framework/web/CBaseController.php(127): require('/Users/johnciac...')
#9 /Users/johnciacia/projects/yii/framework/web/CBaseController.php(96): CBaseController->renderInternal('/Users/johnciac...', Array, true)
#10 /Users/johnciacia/projects/yii/framework/web/CController.php(870): CBaseController->renderFile('/Users/johnciac...', Array, true)
#11 /Users/johnciacia/projects/yii/framework/web/CController.php(783): CController->renderPartial('create', Array, true)
#12 /Users/johnciacia/projects/yii/yiipress/protected/controllers/RubricMetaController.php(78): CController->render('create', Array)
#13 /Users/johnciacia/projects/yii/framework/web/actions/CInlineAction.php(50): RubricMetaController->actionCreate()
#14 /Users/johnciacia/projects/yii/framework/web/CController.php(309): CInlineAction->runWithParams(Array)
#15 /Users/johnciacia/projects/yii/framework/web/filters/CFilterChain.php(134): CController->runAction(Object(CInlineAction))
#16 /Users/johnciacia/projects/yii/framework/web/filters/CFilter.php(41): CFilterChain->run()
#17 /Users/johnciacia/projects/yii/framework/web/CController.php(1146): CFilter->filter(Object(CFilterChain))
#18 /Users/johnciacia/projects/yii/framework/web/filters/CInlineFilter.php(59): CController->filterAccessControl(Object(CFilterChain))
#19 /Users/johnciacia/projects/yii/framework/web/filters/CFilterChain.php(131): CInlineFilter->filter(Object(CFilterChain))
#20 /Users/johnciacia/projects/yii/framework/web/CController.php(292): CFilterChain->run()
#21 /Users/johnciacia/projects/yii/framework/web/CController.php(266): CController->runActionWithFilters(Object(CInlineAction), Array)
#22 /Users/johnciacia/projects/yii/framework/web/CWebApplication.php(276): CController->run('create')
#23 /Users/johnciacia/projects/yii/framework/web/CWebApplication.php(135): CWebApplication->runController('rubricMeta/crea...')
#24 /Users/johnciacia/projects/yii/framework/base/CApplication.php(162): CWebApplication->processRequest()
#25 /Users/johnciacia/projects/yii/yiipress/index.php(13): CApplication->run()
#26 {main}
REQUEST_URI=/yiipress/index.php?r=rubricMeta/create
HTTP_REFERER=http://yii.staging.onnolia.dev/yiipress/index.php?r=rubricMeta
---
2012/04/09 23:21:08 [error] [exception.CException] exception 'CException' with message 'Property "Rubric.rubric_id" is not defined.' in /Users/johnciacia/projects/yii/framework/base/CComponent.php:131
Stack trace:
#0 /Users/johnciacia/projects/yii/framework/db/ar/CActiveRecord.php(144): CComponent->__get('rubric_id')
#1 /Users/johnciacia/projects/yii/framework/web/helpers/CHtml.php(1797): CActiveRecord->__get('rubric_id')
#2 /Users/johnciacia/projects/yii/framework/web/helpers/CHtml.php(1761): CHtml::value(Object(Rubric), 'rubric_id')
#3 /Users/johnciacia/projects/yii/yiipress/protected/views/rubricMeta/_form.php(15): CHtml::listData(Array, 'id', 'rubric_id')
#4 /Users/johnciacia/projects/yii/framework/web/CBaseController.php(127): require('/Users/johnciac...')
#5 /Users/johnciacia/projects/yii/framework/web/CBaseController.php(96): CBaseController->renderInternal('/Users/johnciac...', Array, true)
#6 /Users/johnciacia/projects/yii/framework/web/CController.php(870): CBaseController->renderFile('/Users/johnciac...', Array, true)
#7 /Users/johnciacia/projects/yii/yiipress/protected/views/rubricMeta/create.php(15): CController->renderPartial('_form', Array)
#8 /Users/johnciacia/projects/yii/framework/web/CBaseController.php(127): require('/Users/johnciac...')
#9 /Users/johnciacia/projects/yii/framework/web/CBaseController.php(96): CBaseController->renderInternal('/Users/johnciac...', Array, true)
#10 /Users/johnciacia/projects/yii/framework/web/CController.php(870): CBaseController->renderFile('/Users/johnciac...', Array, true)
#11 /Users/johnciacia/projects/yii/framework/web/CController.php(783): CController->renderPartial('create', Array, true)
#12 /Users/johnciacia/projects/yii/yiipress/protected/controllers/RubricMetaController.php(78): CController->render('create', Array)
#13 /Users/johnciacia/projects/yii/framework/web/actions/CInlineAction.php(50): RubricMetaController->actionCreate()
#14 /Users/johnciacia/projects/yii/framework/web/CController.php(309): CInlineAction->runWithParams(Array)
#15 /Users/johnciacia/projects/yii/framework/web/filters/CFilterChain.php(134): CController->runAction(Object(CInlineAction))
#16 /Users/johnciacia/projects/yii/framework/web/filters/CFilter.php(41): CFilterChain->run()
#17 /Users/johnciacia/projects/yii/framework/web/CController.php(1146): CFilter->filter(Object(CFilterChain))
#18 /Users/johnciacia/projects/yii/framework/web/filters/CInlineFilter.php(59): CController->filterAccessControl(Object(CFilterChain))
#19 /Users/johnciacia/projects/yii/framework/web/filters/CFilterChain.php(131): CInlineFilter->filter(Object(CFilterChain))
#20 /Users/johnciacia/projects/yii/framework/web/CController.php(292): CFilterChain->run()
#21 /Users/johnciacia/projects/yii/framework/web/CController.php(266): CController->runActionWithFilters(Object(CInlineAction), Array)
#22 /Users/johnciacia/projects/yii/framework/web/CWebApplication.php(276): CController->run('create')
#23 /Users/johnciacia/projects/yii/framework/web/CWebApplication.php(135): CWebApplication->runController('rubricMeta/crea...')
#24 /Users/johnciacia/projects/yii/framework/base/CApplication.php(162): CWebApplication->processRequest()
#25 /Users/johnciacia/projects/yii/yiipress/index.php(13): CApplication->run()
#26 {main}
REQUEST_URI=/yiipress/index.php?r=rubricMeta/create
HTTP_REFERER=http://yii.staging.onnolia.dev/yiipress/index.php?r=rubricMeta
---
2012/04/09 23:21:26 [error] [php] Undefined variable: from (/Users/johnciacia/projects/yii/yiipress/protected/views/rubricMeta/_form.php:17)
Stack trace:
#0 /Users/johnciacia/projects/yii/framework/web/CController.php(870): RubricMetaController->renderFile()
#1 /Users/johnciacia/projects/yii/yiipress/protected/views/rubricMeta/create.php(15): RubricMetaController->renderPartial()
#2 /Users/johnciacia/projects/yii/framework/web/CBaseController.php(127): require()
#3 /Users/johnciacia/projects/yii/framework/web/CBaseController.php(96): RubricMetaController->renderInternal()
#4 /Users/johnciacia/projects/yii/framework/web/CController.php(870): RubricMetaController->renderFile()
#5 /Users/johnciacia/projects/yii/framework/web/CController.php(783): RubricMetaController->renderPartial()
#6 /Users/johnciacia/projects/yii/yiipress/protected/controllers/RubricMetaController.php(78): RubricMetaController->render()
#7 /Users/johnciacia/projects/yii/framework/web/actions/CInlineAction.php(50): RubricMetaController->actionCreate()
#8 /Users/johnciacia/projects/yii/framework/web/CController.php(309): CInlineAction->runWithParams()
#9 /Users/johnciacia/projects/yii/framework/web/filters/CFilterChain.php(134): RubricMetaController->runAction()
#10 /Users/johnciacia/projects/yii/framework/web/filters/CFilter.php(41): CFilterChain->run()
#11 /Users/johnciacia/projects/yii/framework/web/CController.php(1146): CAccessControlFilter->filter()
#12 /Users/johnciacia/projects/yii/framework/web/filters/CInlineFilter.php(59): RubricMetaController->filterAccessControl()
#13 /Users/johnciacia/projects/yii/framework/web/filters/CFilterChain.php(131): CInlineFilter->filter()
#14 /Users/johnciacia/projects/yii/framework/web/CController.php(292): CFilterChain->run()
#15 /Users/johnciacia/projects/yii/framework/web/CController.php(266): RubricMetaController->runActionWithFilters()
#16 /Users/johnciacia/projects/yii/framework/web/CWebApplication.php(276): RubricMetaController->run()
#17 /Users/johnciacia/projects/yii/framework/web/CWebApplication.php(135): CWebApplication->runController()
#18 /Users/johnciacia/projects/yii/framework/base/CApplication.php(162): CWebApplication->processRequest()
#19 /Users/johnciacia/projects/yii/yiipress/index.php(13): CWebApplication->run()
REQUEST_URI=/yiipress/index.php?r=rubricMeta/create
in /Users/johnciacia/projects/yii/yiipress/protected/views/rubricMeta/_form.php (17)
in /Users/johnciacia/projects/yii/yiipress/protected/views/rubricMeta/create.php (15)
in /Users/johnciacia/projects/yii/yiipress/protected/controllers/RubricMetaController.php (78)
2012/04/09 23:21:28 [error] [php] Undefined variable: from (/Users/johnciacia/projects/yii/yiipress/protected/views/rubricMeta/_form.php:17)
Stack trace:
#0 /Users/johnciacia/projects/yii/framework/web/CController.php(870): RubricMetaController->renderFile()
#1 /Users/johnciacia/projects/yii/yiipress/protected/views/rubricMeta/create.php(15): RubricMetaController->renderPartial()
#2 /Users/johnciacia/projects/yii/framework/web/CBaseController.php(127): require()
#3 /Users/johnciacia/projects/yii/framework/web/CBaseController.php(96): RubricMetaController->renderInternal()
#4 /Users/johnciacia/projects/yii/framework/web/CController.php(870): RubricMetaController->renderFile()
#5 /Users/johnciacia/projects/yii/framework/web/CController.php(783): RubricMetaController->renderPartial()
#6 /Users/johnciacia/projects/yii/yiipress/protected/controllers/RubricMetaController.php(78): RubricMetaController->render()
#7 /Users/johnciacia/projects/yii/framework/web/actions/CInlineAction.php(50): RubricMetaController->actionCreate()
#8 /Users/johnciacia/projects/yii/framework/web/CController.php(309): CInlineAction->runWithParams()
#9 /Users/johnciacia/projects/yii/framework/web/filters/CFilterChain.php(134): RubricMetaController->runAction()
#10 /Users/johnciacia/projects/yii/framework/web/filters/CFilter.php(41): CFilterChain->run()
#11 /Users/johnciacia/projects/yii/framework/web/CController.php(1146): CAccessControlFilter->filter()
#12 /Users/johnciacia/projects/yii/framework/web/filters/CInlineFilter.php(59): RubricMetaController->filterAccessControl()
#13 /Users/johnciacia/projects/yii/framework/web/filters/CFilterChain.php(131): CInlineFilter->filter()
#14 /Users/johnciacia/projects/yii/framework/web/CController.php(292): CFilterChain->run()
#15 /Users/johnciacia/projects/yii/framework/web/CController.php(266): RubricMetaController->runActionWithFilters()
#16 /Users/johnciacia/projects/yii/framework/web/CWebApplication.php(276): RubricMetaController->run()
#17 /Users/johnciacia/projects/yii/framework/web/CWebApplication.php(135): CWebApplication->runController()
#18 /Users/johnciacia/projects/yii/framework/base/CApplication.php(162): CWebApplication->processRequest()
#19 /Users/johnciacia/projects/yii/yiipress/index.php(13): CWebApplication->run()
REQUEST_URI=/yiipress/index.php?r=rubricMeta/create
in /Users/johnciacia/projects/yii/yiipress/protected/views/rubricMeta/_form.php (17)
in /Users/johnciacia/projects/yii/yiipress/protected/views/rubricMeta/create.php (15)
in /Users/johnciacia/projects/yii/yiipress/protected/controllers/RubricMetaController.php (78)
2012/04/09 23:21:49 [error] [php] Undefined variable: from (/Users/johnciacia/projects/yii/yiipress/protected/views/rubricMeta/_form.php:17)
Stack trace:
#0 /Users/johnciacia/projects/yii/framework/web/CController.php(870): RubricMetaController->renderFile()
#1 /Users/johnciacia/projects/yii/yiipress/protected/views/rubricMeta/create.php(15): RubricMetaController->renderPartial()
#2 /Users/johnciacia/projects/yii/framework/web/CBaseController.php(127): require()
#3 /Users/johnciacia/projects/yii/framework/web/CBaseController.php(96): RubricMetaController->renderInternal()
#4 /Users/johnciacia/projects/yii/framework/web/CController.php(870): RubricMetaController->renderFile()
#5 /Users/johnciacia/projects/yii/framework/web/CController.php(783): RubricMetaController->renderPartial()
#6 /Users/johnciacia/projects/yii/yiipress/protected/controllers/RubricMetaController.php(78): RubricMetaController->render()
#7 /Users/johnciacia/projects/yii/framework/web/actions/CInlineAction.php(50): RubricMetaController->actionCreate()
#8 /Users/johnciacia/projects/yii/framework/web/CController.php(309): CInlineAction->runWithParams()
#9 /Users/johnciacia/projects/yii/framework/web/filters/CFilterChain.php(134): RubricMetaController->runAction()
#10 /Users/johnciacia/projects/yii/framework/web/filters/CFilter.php(41): CFilterChain->run()
#11 /Users/johnciacia/projects/yii/framework/web/CController.php(1146): CAccessControlFilter->filter()
#12 /Users/johnciacia/projects/yii/framework/web/filters/CInlineFilter.php(59): RubricMetaController->filterAccessControl()
#13 /Users/johnciacia/projects/yii/framework/web/filters/CFilterChain.php(131): CInlineFilter->filter()
#14 /Users/johnciacia/projects/yii/framework/web/CController.php(292): CFilterChain->run()
#15 /Users/johnciacia/projects/yii/framework/web/CController.php(266): RubricMetaController->runActionWithFilters()
#16 /Users/johnciacia/projects/yii/framework/web/CWebApplication.php(276): RubricMetaController->run()
#17 /Users/johnciacia/projects/yii/framework/web/CWebApplication.php(135): CWebApplication->runController()
#18 /Users/johnciacia/projects/yii/framework/base/CApplication.php(162): CWebApplication->processRequest()
#19 /Users/johnciacia/projects/yii/yiipress/index.php(13): CWebApplication->run()
REQUEST_URI=/yiipress/index.php?r=rubricMeta/create
in /Users/johnciacia/projects/yii/yiipress/protected/views/rubricMeta/_form.php (17)
in /Users/johnciacia/projects/yii/yiipress/protected/views/rubricMeta/create.php (15)
in /Users/johnciacia/projects/yii/yiipress/protected/controllers/RubricMetaController.php (78)
2012/04/09 23:24:18 [error] [exception.CException] exception 'CException' with message 'Property "CWebApplication.users" is not defined.' in /Users/johnciacia/projects/yii/framework/base/CComponent.php:131
Stack trace:
#0 /Users/johnciacia/projects/yii/framework/base/CModule.php(106): CComponent->__get('users')
#1 /Users/johnciacia/projects/yii/yiipress/protected/views/rubricMeta/_form.php(15): CModule->__get('users')
#2 /Users/johnciacia/projects/yii/framework/web/CBaseController.php(127): require('/Users/johnciac...')
#3 /Users/johnciacia/projects/yii/framework/web/CBaseController.php(96): CBaseController->renderInternal('/Users/johnciac...', Array, true)
#4 /Users/johnciacia/projects/yii/framework/web/CController.php(870): CBaseController->renderFile('/Users/johnciac...', Array, true)
#5 /Users/johnciacia/projects/yii/yiipress/protected/views/rubricMeta/create.php(15): CController->renderPartial('_form', Array)
#6 /Users/johnciacia/projects/yii/framework/web/CBaseController.php(127): require('/Users/johnciac...')
#7 /Users/johnciacia/projects/yii/framework/web/CBaseController.php(96): CBaseController->renderInternal('/Users/johnciac...', Array, true)
#8 /Users/johnciacia/projects/yii/framework/web/CController.php(870): CBaseController->renderFile('/Users/johnciac...', Array, true)
#9 /Users/johnciacia/projects/yii/framework/web/CController.php(783): CController->renderPartial('create', Array, true)
#10 /Users/johnciacia/projects/yii/yiipress/protected/controllers/RubricMetaController.php(78): CController->render('create', Array)
#11 /Users/johnciacia/projects/yii/framework/web/actions/CInlineAction.php(50): RubricMetaController->actionCreate()
#12 /Users/johnciacia/projects/yii/framework/web/CController.php(309): CInlineAction->runWithParams(Array)
#13 /Users/johnciacia/projects/yii/framework/web/filters/CFilterChain.php(134): CController->runAction(Object(CInlineAction))
#14 /Users/johnciacia/projects/yii/framework/web/filters/CFilter.php(41): CFilterChain->run()
#15 /Users/johnciacia/projects/yii/framework/web/CController.php(1146): CFilter->filter(Object(CFilterChain))
#16 /Users/johnciacia/projects/yii/framework/web/filters/CInlineFilter.php(59): CController->filterAccessControl(Object(CFilterChain))
#17 /Users/johnciacia/projects/yii/framework/web/filters/CFilterChain.php(131): CInlineFilter->filter(Object(CFilterChain))
#18 /Users/johnciacia/projects/yii/framework/web/CController.php(292): CFilterChain->run()
#19 /Users/johnciacia/projects/yii/framework/web/CController.php(266): CController->runActionWithFilters(Object(CInlineAction), Array)
#20 /Users/johnciacia/projects/yii/framework/web/CWebApplication.php(276): CController->run('create')
#21 /Users/johnciacia/projects/yii/framework/web/CWebApplication.php(135): CWebApplication->runController('rubricMeta/crea...')
#22 /Users/johnciacia/projects/yii/framework/base/CApplication.php(162): CWebApplication->processRequest()
#23 /Users/johnciacia/projects/yii/yiipress/index.php(13): CApplication->run()
#24 {main}
REQUEST_URI=/yiipress/index.php?r=rubricMeta/create
HTTP_REFERER=http://yii.staging.onnolia.dev/yiipress/index.php?r=rubricMeta
---
2012/04/09 23:24:34 [error] [system.db.CDbCommand] CDbCommand::fetchColumn() failed: SQLSTATE[42S22]: Column not found: 1054 Unknown column 'user_id' in 'where clause'. The SQL statement executed was: SELECT COUNT(*) FROM `rubric_meta` `t` WHERE user_id=2.
in /Users/johnciacia/projects/yii/yiipress/protected/views/rubricMeta/index.php (17)
in /Users/johnciacia/projects/yii/yiipress/protected/controllers/RubricMetaController.php (132)
in /Users/johnciacia/projects/yii/yiipress/index.php (13)
2012/04/09 23:24:34 [error] [exception.CDbException] exception 'CDbException' with message 'CDbCommand failed to execute the SQL statement: SQLSTATE[42S22]: Column not found: 1054 Unknown column 'user_id' in 'where clause'. The SQL statement executed was: SELECT COUNT(*) FROM `rubric_meta` `t` WHERE user_id=2' in /Users/johnciacia/projects/yii/framework/db/CDbCommand.php:528
Stack trace:
#0 /Users/johnciacia/projects/yii/framework/db/CDbCommand.php(425): CDbCommand->queryInternal('fetchColumn', 0, Array)
#1 /Users/johnciacia/projects/yii/framework/db/ar/CActiveRecord.php(1540): CDbCommand->queryScalar()
#2 /Users/johnciacia/projects/yii/framework/web/CActiveDataProvider.php(179): CActiveRecord->count(Object(CDbCriteria))
#3 /Users/johnciacia/projects/yii/framework/web/CDataProvider.php(193): CActiveDataProvider->calculateTotalItemCount()
#4 /Users/johnciacia/projects/yii/framework/web/CActiveDataProvider.php(129): CDataProvider->getTotalItemCount()
#5 /Users/johnciacia/projects/yii/framework/web/CDataProvider.php(137): CActiveDataProvider->fetchData()
#6 /Users/johnciacia/projects/yii/framework/zii/widgets/CBaseListView.php(105): CDataProvider->getData()
#7 /Users/johnciacia/projects/yii/framework/zii/widgets/CListView.php(180): CBaseListView->init()
#8 /Users/johnciacia/projects/yii/framework/web/CBaseController.php(148): CListView->init()
#9 /Users/johnciacia/projects/yii/framework/web/CBaseController.php(173): CBaseController->createWidget('zii.widgets.CLi...', Array)
#10 /Users/johnciacia/projects/yii/yiipress/protected/views/rubricMeta/index.php(17): CBaseController->widget('zii.widgets.CLi...', Array)
#11 /Users/johnciacia/projects/yii/framework/web/CBaseController.php(127): require('/Users/johnciac...')
#12 /Users/johnciacia/projects/yii/framework/web/CBaseController.php(96): CBaseController->renderInternal('/Users/johnciac...', Array, true)
#13 /Users/johnciacia/projects/yii/framework/web/CController.php(870): CBaseController->renderFile('/Users/johnciac...', Array, true)
#14 /Users/johnciacia/projects/yii/framework/web/CController.php(783): CController->renderPartial('index', Array, true)
#15 /Users/johnciacia/projects/yii/yiipress/protected/controllers/RubricMetaController.php(132): CController->render('index', Array)
#16 /Users/johnciacia/projects/yii/framework/web/actions/CInlineAction.php(50): RubricMetaController->actionIndex()
#17 /Users/johnciacia/projects/yii/framework/web/CController.php(309): CInlineAction->runWithParams(Array)
#18 /Users/johnciacia/projects/yii/framework/web/filters/CFilterChain.php(134): CController->runAction(Object(CInlineAction))
#19 /Users/johnciacia/projects/yii/framework/web/filters/CFilter.php(41): CFilterChain->run()
#20 /Users/johnciacia/projects/yii/framework/web/CController.php(1146): CFilter->filter(Object(CFilterChain))
#21 /Users/johnciacia/projects/yii/framework/web/filters/CInlineFilter.php(59): CController->filterAccessControl(Object(CFilterChain))
#22 /Users/johnciacia/projects/yii/framework/web/filters/CFilterChain.php(131): CInlineFilter->filter(Object(CFilterChain))
#23 /Users/johnciacia/projects/yii/framework/web/CController.php(292): CFilterChain->run()
#24 /Users/johnciacia/projects/yii/framework/web/CController.php(266): CController->runActionWithFilters(Object(CInlineAction), Array)
#25 /Users/johnciacia/projects/yii/framework/web/CWebApplication.php(276): CController->run('index')
#26 /Users/johnciacia/projects/yii/framework/web/CWebApplication.php(135): CWebApplication->runController('rubricMeta/inde...')
#27 /Users/johnciacia/projects/yii/framework/base/CApplication.php(162): CWebApplication->processRequest()
#28 /Users/johnciacia/projects/yii/yiipress/index.php(13): CApplication->run()
#29 {main}
REQUEST_URI=/yiipress/index.php?r=rubricMeta/index
HTTP_REFERER=http://yii.staging.onnolia.dev/yiipress/index.php?r=rubricMeta/create
---
2012/04/09 23:25:27 [error] [system.db.CDbCommand] CDbCommand::fetchColumn() failed: SQLSTATE[42S22]: Column not found: 1054 Unknown column 'user_id' in 'where clause'. The SQL statement executed was: SELECT COUNT(*) FROM `rubric_meta` `t` WHERE user_id=2.
in /Users/johnciacia/projects/yii/yiipress/protected/views/rubricMeta/index.php (17)
in /Users/johnciacia/projects/yii/yiipress/protected/controllers/RubricMetaController.php (132)
in /Users/johnciacia/projects/yii/yiipress/index.php (13)
2012/04/09 23:25:27 [error] [exception.CDbException] exception 'CDbException' with message 'CDbCommand failed to execute the SQL statement: SQLSTATE[42S22]: Column not found: 1054 Unknown column 'user_id' in 'where clause'. The SQL statement executed was: SELECT COUNT(*) FROM `rubric_meta` `t` WHERE user_id=2' in /Users/johnciacia/projects/yii/framework/db/CDbCommand.php:528
Stack trace:
#0 /Users/johnciacia/projects/yii/framework/db/CDbCommand.php(425): CDbCommand->queryInternal('fetchColumn', 0, Array)
#1 /Users/johnciacia/projects/yii/framework/db/ar/CActiveRecord.php(1540): CDbCommand->queryScalar()
#2 /Users/johnciacia/projects/yii/framework/web/CActiveDataProvider.php(179): CActiveRecord->count(Object(CDbCriteria))
#3 /Users/johnciacia/projects/yii/framework/web/CDataProvider.php(193): CActiveDataProvider->calculateTotalItemCount()
#4 /Users/johnciacia/projects/yii/framework/web/CActiveDataProvider.php(129): CDataProvider->getTotalItemCount()
#5 /Users/johnciacia/projects/yii/framework/web/CDataProvider.php(137): CActiveDataProvider->fetchData()
#6 /Users/johnciacia/projects/yii/framework/zii/widgets/CBaseListView.php(105): CDataProvider->getData()
#7 /Users/johnciacia/projects/yii/framework/zii/widgets/CListView.php(180): CBaseListView->init()
#8 /Users/johnciacia/projects/yii/framework/web/CBaseController.php(148): CListView->init()
#9 /Users/johnciacia/projects/yii/framework/web/CBaseController.php(173): CBaseController->createWidget('zii.widgets.CLi...', Array)
#10 /Users/johnciacia/projects/yii/yiipress/protected/views/rubricMeta/index.php(17): CBaseController->widget('zii.widgets.CLi...', Array)
#11 /Users/johnciacia/projects/yii/framework/web/CBaseController.php(127): require('/Users/johnciac...')
#12 /Users/johnciacia/projects/yii/framework/web/CBaseController.php(96): CBaseController->renderInternal('/Users/johnciac...', Array, true)
#13 /Users/johnciacia/projects/yii/framework/web/CController.php(870): CBaseController->renderFile('/Users/johnciac...', Array, true)
#14 /Users/johnciacia/projects/yii/framework/web/CController.php(783): CController->renderPartial('index', Array, true)
#15 /Users/johnciacia/projects/yii/yiipress/protected/controllers/RubricMetaController.php(132): CController->render('index', Array)
#16 /Users/johnciacia/projects/yii/framework/web/actions/CInlineAction.php(50): RubricMetaController->actionIndex()
#17 /Users/johnciacia/projects/yii/framework/web/CController.php(309): CInlineAction->runWithParams(Array)
#18 /Users/johnciacia/projects/yii/framework/web/filters/CFilterChain.php(134): CController->runAction(Object(CInlineAction))
#19 /Users/johnciacia/projects/yii/framework/web/filters/CFilter.php(41): CFilterChain->run()
#20 /Users/johnciacia/projects/yii/framework/web/CController.php(1146): CFilter->filter(Object(CFilterChain))
#21 /Users/johnciacia/projects/yii/framework/web/filters/CInlineFilter.php(59): CController->filterAccessControl(Object(CFilterChain))
#22 /Users/johnciacia/projects/yii/framework/web/filters/CFilterChain.php(131): CInlineFilter->filter(Object(CFilterChain))
#23 /Users/johnciacia/projects/yii/framework/web/CController.php(292): CFilterChain->run()
#24 /Users/johnciacia/projects/yii/framework/web/CController.php(266): CController->runActionWithFilters(Object(CInlineAction), Array)
#25 /Users/johnciacia/projects/yii/framework/web/CWebApplication.php(276): CController->run('')
#26 /Users/johnciacia/projects/yii/framework/web/CWebApplication.php(135): CWebApplication->runController('rubricMeta')
#27 /Users/johnciacia/projects/yii/framework/base/CApplication.php(162): CWebApplication->processRequest()
#28 /Users/johnciacia/projects/yii/yiipress/index.php(13): CApplication->run()
#29 {main}
REQUEST_URI=/yiipress/index.php?r=rubricMeta
HTTP_REFERER=http://yii.staging.onnolia.dev/yiipress/index.php?r=rubric
---
2012/04/09 23:26:10 [error] [system.db.CDbCommand] CDbCommand::fetchColumn() failed: SQLSTATE[42S22]: Column not found: 1054 Unknown column 'user_id' in 'where clause'. The SQL statement executed was: SELECT COUNT(*) FROM `rubric_meta` `t` WHERE user_id=2.
in /Users/johnciacia/projects/yii/yiipress/protected/views/rubricMeta/index.php (17)
in /Users/johnciacia/projects/yii/yiipress/protected/controllers/RubricMetaController.php (132)
in /Users/johnciacia/projects/yii/yiipress/index.php (13)
2012/04/09 23:26:10 [error] [exception.CDbException] exception 'CDbException' with message 'CDbCommand failed to execute the SQL statement: SQLSTATE[42S22]: Column not found: 1054 Unknown column 'user_id' in 'where clause'. The SQL statement executed was: SELECT COUNT(*) FROM `rubric_meta` `t` WHERE user_id=2' in /Users/johnciacia/projects/yii/framework/db/CDbCommand.php:528
Stack trace:
#0 /Users/johnciacia/projects/yii/framework/db/CDbCommand.php(425): CDbCommand->queryInternal('fetchColumn', 0, Array)
#1 /Users/johnciacia/projects/yii/framework/db/ar/CActiveRecord.php(1540): CDbCommand->queryScalar()
#2 /Users/johnciacia/projects/yii/framework/web/CActiveDataProvider.php(179): CActiveRecord->count(Object(CDbCriteria))
#3 /Users/johnciacia/projects/yii/framework/web/CDataProvider.php(193): CActiveDataProvider->calculateTotalItemCount()
#4 /Users/johnciacia/projects/yii/framework/web/CActiveDataProvider.php(129): CDataProvider->getTotalItemCount()
#5 /Users/johnciacia/projects/yii/framework/web/CDataProvider.php(137): CActiveDataProvider->fetchData()
#6 /Users/johnciacia/projects/yii/framework/zii/widgets/CBaseListView.php(105): CDataProvider->getData()
#7 /Users/johnciacia/projects/yii/framework/zii/widgets/CListView.php(180): CBaseListView->init()
#8 /Users/johnciacia/projects/yii/framework/web/CBaseController.php(148): CListView->init()
#9 /Users/johnciacia/projects/yii/framework/web/CBaseController.php(173): CBaseController->createWidget('zii.widgets.CLi...', Array)
#10 /Users/johnciacia/projects/yii/yiipress/protected/views/rubricMeta/index.php(17): CBaseController->widget('zii.widgets.CLi...', Array)
#11 /Users/johnciacia/projects/yii/framework/web/CBaseController.php(127): require('/Users/johnciac...')
#12 /Users/johnciacia/projects/yii/framework/web/CBaseController.php(96): CBaseController->renderInternal('/Users/johnciac...', Array, true)
#13 /Users/johnciacia/projects/yii/framework/web/CController.php(870): CBaseController->renderFile('/Users/johnciac...', Array, true)
#14 /Users/johnciacia/projects/yii/framework/web/CController.php(783): CController->renderPartial('index', Array, true)
#15 /Users/johnciacia/projects/yii/yiipress/protected/controllers/RubricMetaController.php(132): CController->render('index', Array)
#16 /Users/johnciacia/projects/yii/framework/web/actions/CInlineAction.php(50): RubricMetaController->actionIndex()
#17 /Users/johnciacia/projects/yii/framework/web/CController.php(309): CInlineAction->runWithParams(Array)
#18 /Users/johnciacia/projects/yii/framework/web/filters/CFilterChain.php(134): CController->runAction(Object(CInlineAction))
#19 /Users/johnciacia/projects/yii/framework/web/filters/CFilter.php(41): CFilterChain->run()
#20 /Users/johnciacia/projects/yii/framework/web/CController.php(1146): CFilter->filter(Object(CFilterChain))
#21 /Users/johnciacia/projects/yii/framework/web/filters/CInlineFilter.php(59): CController->filterAccessControl(Object(CFilterChain))
#22 /Users/johnciacia/projects/yii/framework/web/filters/CFilterChain.php(131): CInlineFilter->filter(Object(CFilterChain))
#23 /Users/johnciacia/projects/yii/framework/web/CController.php(292): CFilterChain->run()
#24 /Users/johnciacia/projects/yii/framework/web/CController.php(266): CController->runActionWithFilters(Object(CInlineAction), Array)
#25 /Users/johnciacia/projects/yii/framework/web/CWebApplication.php(276): CController->run('')
#26 /Users/johnciacia/projects/yii/framework/web/CWebApplication.php(135): CWebApplication->runController('rubricMeta')
#27 /Users/johnciacia/projects/yii/framework/base/CApplication.php(162): CWebApplication->processRequest()
#28 /Users/johnciacia/projects/yii/yiipress/index.php(13): CApplication->run()
#29 {main}
REQUEST_URI=/yiipress/index.php?r=rubricMeta
HTTP_REFERER=http://yii.staging.onnolia.dev/yiipress/index.php?r=rubric
---
2012/04/09 23:26:39 [error] [system.db.CDbCommand] CDbCommand::fetchColumn() failed: SQLSTATE[42S22]: Column not found: 1054 Unknown column 'user_id' in 'where clause'. The SQL statement executed was: SELECT COUNT(*) FROM `rubric_meta` `t` WHERE user_id=2.
in /Users/johnciacia/projects/yii/yiipress/protected/views/rubricMeta/index.php (17)
in /Users/johnciacia/projects/yii/yiipress/protected/controllers/RubricMetaController.php (132)
in /Users/johnciacia/projects/yii/yiipress/index.php (13)
2012/04/09 23:26:39 [error] [exception.CDbException] exception 'CDbException' with message 'CDbCommand failed to execute the SQL statement: SQLSTATE[42S22]: Column not found: 1054 Unknown column 'user_id' in 'where clause'. The SQL statement executed was: SELECT COUNT(*) FROM `rubric_meta` `t` WHERE user_id=2' in /Users/johnciacia/projects/yii/framework/db/CDbCommand.php:528
Stack trace:
#0 /Users/johnciacia/projects/yii/framework/db/CDbCommand.php(425): CDbCommand->queryInternal('fetchColumn', 0, Array)
#1 /Users/johnciacia/projects/yii/framework/db/ar/CActiveRecord.php(1540): CDbCommand->queryScalar()
#2 /Users/johnciacia/projects/yii/framework/web/CActiveDataProvider.php(179): CActiveRecord->count(Object(CDbCriteria))
#3 /Users/johnciacia/projects/yii/framework/web/CDataProvider.php(193): CActiveDataProvider->calculateTotalItemCount()
#4 /Users/johnciacia/projects/yii/framework/web/CActiveDataProvider.php(129): CDataProvider->getTotalItemCount()
#5 /Users/johnciacia/projects/yii/framework/web/CDataProvider.php(137): CActiveDataProvider->fetchData()
#6 /Users/johnciacia/projects/yii/framework/zii/widgets/CBaseListView.php(105): CDataProvider->getData()
#7 /Users/johnciacia/projects/yii/framework/zii/widgets/CListView.php(180): CBaseListView->init()
#8 /Users/johnciacia/projects/yii/framework/web/CBaseController.php(148): CListView->init()
#9 /Users/johnciacia/projects/yii/framework/web/CBaseController.php(173): CBaseController->createWidget('zii.widgets.CLi...', Array)
#10 /Users/johnciacia/projects/yii/yiipress/protected/views/rubricMeta/index.php(17): CBaseController->widget('zii.widgets.CLi...', Array)
#11 /Users/johnciacia/projects/yii/framework/web/CBaseController.php(127): require('/Users/johnciac...')
#12 /Users/johnciacia/projects/yii/framework/web/CBaseController.php(96): CBaseController->renderInternal('/Users/johnciac...', Array, true)
#13 /Users/johnciacia/projects/yii/framework/web/CController.php(870): CBaseController->renderFile('/Users/johnciac...', Array, true)
#14 /Users/johnciacia/projects/yii/framework/web/CController.php(783): CController->renderPartial('index', Array, true)
#15 /Users/johnciacia/projects/yii/yiipress/protected/controllers/RubricMetaController.php(132): CController->render('index', Array)
#16 /Users/johnciacia/projects/yii/framework/web/actions/CInlineAction.php(50): RubricMetaController->actionIndex()
#17 /Users/johnciacia/projects/yii/framework/web/CController.php(309): CInlineAction->runWithParams(Array)
#18 /Users/johnciacia/projects/yii/framework/web/filters/CFilterChain.php(134): CController->runAction(Object(CInlineAction))
#19 /Users/johnciacia/projects/yii/framework/web/filters/CFilter.php(41): CFilterChain->run()
#20 /Users/johnciacia/projects/yii/framework/web/CController.php(1146): CFilter->filter(Object(CFilterChain))
#21 /Users/johnciacia/projects/yii/framework/web/filters/CInlineFilter.php(59): CController->filterAccessControl(Object(CFilterChain))
#22 /Users/johnciacia/projects/yii/framework/web/filters/CFilterChain.php(131): CInlineFilter->filter(Object(CFilterChain))
#23 /Users/johnciacia/projects/yii/framework/web/CController.php(292): CFilterChain->run()
#24 /Users/johnciacia/projects/yii/framework/web/CController.php(266): CController->runActionWithFilters(Object(CInlineAction), Array)
#25 /Users/johnciacia/projects/yii/framework/web/CWebApplication.php(276): CController->run('')
#26 /Users/johnciacia/projects/yii/framework/web/CWebApplication.php(135): CWebApplication->runController('rubricMeta')
#27 /Users/johnciacia/projects/yii/framework/base/CApplication.php(162): CWebApplication->processRequest()
#28 /Users/johnciacia/projects/yii/yiipress/index.php(13): CApplication->run()
#29 {main}
REQUEST_URI=/yiipress/index.php?r=rubricMeta
HTTP_REFERER=http://yii.staging.onnolia.dev/yiipress/index.php?r=rubric
---
2012/04/09 23:32:45 [warning] [application] Failed to set unsafe attribute "rubric_id" of "RubricMeta".
in /Users/johnciacia/projects/yii/yiipress/protected/controllers/RubricMetaController.php (71)
in /Users/johnciacia/projects/yii/yiipress/index.php (13)
2012/04/09 23:41:50 [warning] [application] Failed to set unsafe attribute "rubric_id" of "RubricMeta".
in /Users/johnciacia/projects/yii/yiipress/protected/controllers/RubricMetaController.php (71)
in /Users/johnciacia/projects/yii/yiipress/index.php (13)
2012/04/09 23:47:25 [warning] [application] Failed to set unsafe attribute "rubric_id" of "RubricMeta".
in /Users/johnciacia/projects/yii/yiipress/protected/controllers/RubricMetaController.php (71)
in /Users/johnciacia/projects/yii/yiipress/index.php (13)
2012/04/09 23:47:42 [warning] [application] Failed to set unsafe attribute "rubric_id" of "RubricMeta".
in /Users/johnciacia/projects/yii/yiipress/protected/controllers/RubricMetaController.php (71)
in /Users/johnciacia/projects/yii/yiipress/index.php (13)
2012/04/09 23:48:26 [warning] [application] Failed to set unsafe attribute "rubric_id" of "RubricMeta".
in /Users/johnciacia/projects/yii/yiipress/protected/controllers/RubricMetaController.php (71)
in /Users/johnciacia/projects/yii/yiipress/index.php (13)
